1635128812818	geckodriver	INFO	Listening on 127.0.0.1:10283
1635128815600	mozrunner::runner	INFO	Running command: "C:\\Program Files\\Mozilla Firefox\\firefox.exe" "--marionette" "-foreground" "-no-remote" "-profile" "C:\\Users\\baipi\\AppData\\Local\\Temp\\rust_mozprofile1VzaGK"
1635128816763	Marionette	INFO	Marionette enabled
console.warn: SearchSettings: "get: No settings file exists, new profile?" (new NotFoundError("Could not open the file at C:\\Users\\baipi\\AppData\\Local\\Temp\\rust_mozprofile1VzaGK\\search.json.mozlz4", (void 0)))
1635128819717	Marionette	INFO	Listening on port 10293
1635128819820	RemoteAgent	WARN	TLS certificate errors will be ignored for this session
console.error: Region.jsm: "Error fetching region" (new Error("TIMEOUT", "resource://gre/modules/Region.jsm", 772))
console.error: Region.jsm: "Failed to fetch region" (new Error("TIMEOUT", "resource://gre/modules/Region.jsm", 419))
1635128829990	Marionette	INFO	Stopped listening on port 10293
JavaScript error: resource:///modules/Interactions.jsm, line 209: NS_ERROR_FAILURE: Component returned failure code: 0x80004005 (NS_ERROR_FAILURE) [nsIUserIdleService.removeIdleObserver]
1635128839223	geckodriver	INFO	Listening on 127.0.0.1:10352
1635128842274	mozrunner::runner	INFO	Running command: "C:\\Program Files\\Mozilla Firefox\\firefox.exe" "--marionette" "-foreground" "-no-remote" "-profile" "C:\\Users\\baipi\\AppData\\Local\\Temp\\rust_mozprofile3rt18s"
1635128843117	Marionette	INFO	Marionette enabled
console.warn: SearchSettings: "get: No settings file exists, new profile?" (new NotFoundError("Could not open the file at C:\\Users\\baipi\\AppData\\Local\\Temp\\rust_mozprofile3rt18s\\search.json.mozlz4", (void 0)))
1635128845128	Marionette	INFO	Listening on port 10362
console.error: Region.jsm: "Error fetching region" (new TypeError("NetworkError when attempting to fetch resource.", ""))
console.error: Region.jsm: "Failed to fetch region" (new Error("NO_RESULT", "resource://gre/modules/Region.jsm", 419))
1635128845445	RemoteAgent	WARN	TLS certificate errors will be ignored for this session
1635128853929	Marionette	INFO	Stopped listening on port 10362
JavaScript error: resource:///modules/Interactions.jsm, line 209: NS_ERROR_FAILURE: Component returned failure code: 0x80004005 (NS_ERROR_FAILURE) [nsIUserIdleService.removeIdleObserver]
1635128872506	geckodriver	INFO	Listening on 127.0.0.1:10464
1635128875552	mozrunner::runner	INFO	Running command: "C:\\Program Files\\Mozilla Firefox\\firefox.exe" "--marionette" "-foreground" "-no-remote" "-profile" "C:\\Users\\baipi\\AppData\\Local\\Temp\\rust_mozprofileOM7Zbq"
1635128876616	Marionette	INFO	Marionette enabled
console.warn: SearchSettings: "get: No settings file exists, new profile?" (new NotFoundError("Could not open the file at C:\\Users\\baipi\\AppData\\Local\\Temp\\rust_mozprofileOM7Zbq\\search.json.mozlz4", (void 0)))
1635128879177	Marionette	INFO	Listening on port 10474
console.error: Region.jsm: "Error fetching region" (new TypeError("NetworkError when attempting to fetch resource.", ""))
console.error: Region.jsm: "Failed to fetch region" (new Error("NO_RESULT", "resource://gre/modules/Region.jsm", 419))
1635128879267	RemoteAgent	WARN	TLS certificate errors will be ignored for this session
1635128882303	Marionette	INFO	Stopped listening on port 10474
JavaScript error: resource:///modules/Interactions.jsm, line 209: NS_ERROR_FAILURE: Component returned failure code: 0x80004005 (NS_ERROR_FAILURE) [nsIUserIdleService.removeIdleObserver]
console.warn: services.settings: main/cfr sync interrupted by shutdown

###!!! [Parent][RunMessage] Error: Channel closing: too late to send/recv, messages will be lost

